<?xml version="1.0" encoding="UTF-8" ?>
<testsuite tests="2" failures="0" name="com.sun.jersey.samples.contacts.models.UserTest" time="0.27" errors="2" skipped="0">
  <properties>
[...]
</properties>
  <testcase classname="com.sun.jersey.samples.contacts.models.UserTest" name="testComplexSerialization" time="0.253">
    <error message="org.xml.sax.SAXNotRecognizedException: Feature &apos;http://javax.xml.XMLConstants/feature/secure-processing&apos; is not recognized." type="java.lang.IllegalStateException">java.lang.IllegalStateException: org.xml.sax.SAXNotRecognizedException: Feature &apos;http://javax.xml.XMLConstants/feature/secure-processing&apos; is not recognized.
	at com.sun.xml.internal.bind.v2.util.XmlFactory.createParserFactory(XmlFactory.java:121)
	at com.sun.xml.internal.bind.v2.runtime.unmarshaller.UnmarshallerImpl.getXMLReader(UnmarshallerImpl.java:139)
	at javax.xml.bind.helpers.AbstractUnmarshallerImpl.unmarshal(AbstractUnmarshallerImpl.java:157)
	at javax.xml.bind.helpers.AbstractUnmarshallerImpl.unmarshal(AbstractUnmarshallerImpl.java:214)
	at com.sun.jersey.samples.contacts.models.UserTest.check(UserTest.java:96)
	at com.sun.jersey.samples.contacts.models.UserTest.testComplexSerialization(UserTest.java:83)
	at sun.reflect.NativeMethodAccessorImpl.invoke0(Native Method)
	at sun.reflect.NativeMethodAccessorImpl.invoke(NativeMethodAccessorImpl.java:62)
	at sun.reflect.DelegatingMethodAccessorImpl.invoke(DelegatingMethodAccessorImpl.java:43)
	at java.lang.reflect.Method.invoke(Method.java:483)
	at org.junit.runners.model.FrameworkMethod$1.runReflectiveCall(FrameworkMethod.java:44)
	at org.junit.internal.runners.model.ReflectiveCallable.run(ReflectiveCallable.java:15)
	at org.junit.runners.model.FrameworkMethod.invokeExplosively(FrameworkMethod.java:41)
	at org.junit.internal.runners.statements.InvokeMethod.evaluate(InvokeMethod.java:20)
	at org.junit.internal.runners.statements.RunBefores.evaluate(RunBefores.java:28)
	at org.junit.internal.runners.statements.RunAfters.evaluate(RunAfters.java:31)
	at org.junit.runners.BlockJUnit4ClassRunner.runNotIgnored(BlockJUnit4ClassRunner.java:79)
	at org.junit.runners.BlockJUnit4ClassRunner.runChild(BlockJUnit4ClassRunner.java:71)
	at org.junit.runners.BlockJUnit4ClassRunner.runChild(BlockJUnit4ClassRunner.java:49)
	at org.junit.runners.ParentRunner$3.run(ParentRunner.java:193)
	at org.junit.runners.ParentRunner$1.schedule(ParentRunner.java:52)
	at org.junit.runners.ParentRunner.runChildren(ParentRunner.java:191)
	at org.junit.runners.ParentRunner.access$000(ParentRunner.java:42)
	at org.junit.runners.ParentRunner$2.evaluate(ParentRunner.java:184)
	at org.junit.runners.ParentRunner.run(ParentRunner.java:236)
	at org.apache.maven.surefire.junit4.JUnit4TestSet.execute(JUnit4TestSet.java:53)
	at org.apache.maven.surefire.junit4.JUnit4Provider.executeTestSet(JUnit4Provider.java:119)
	at org.apache.maven.surefire.junit4.JUnit4Provider.invoke(JUnit4Provider.java:101)
	at sun.reflect.NativeMethodAccessorImpl.invoke0(Native Method)
	at sun.reflect.NativeMethodAccessorImpl.invoke(NativeMethodAccessorImpl.java:62)
	at sun.reflect.DelegatingMethodAccessorImpl.invoke(DelegatingMethodAccessorImpl.java:43)
	at java.lang.reflect.Method.invoke(Method.java:483)
	at org.apache.maven.surefire.booter.ProviderFactory$ClassLoaderProxy.invoke(ProviderFactory.java:103)
	at com.sun.proxy.$Proxy0.invoke(Unknown Source)
	at org.apache.maven.surefire.booter.SurefireStarter.invokeProvider(SurefireStarter.java:150)
	at org.apache.maven.surefire.booter.SurefireStarter.runSuitesInProcess(SurefireStarter.java:91)
	at org.apache.maven.surefire.booter.ForkedBooter.main(ForkedBooter.java:69)
Caused by: org.xml.sax.SAXNotRecognizedException: Feature &apos;http://javax.xml.XMLConstants/feature/secure-processing&apos; is not recognized.
	at org.apache.xerces.parsers.AbstractSAXParser.setFeature(Unknown Source)
	at org.apache.xerces.jaxp.SAXParserImpl.setFeatures(Unknown Source)
	at org.apache.xerces.jaxp.SAXParserImpl.&lt;init&gt;(Unknown Source)
	at org.apache.xerces.jaxp.SAXParserFactoryImpl.newSAXParserImpl(Unknown Source)
	at org.apache.xerces.jaxp.SAXParserFactoryImpl.setFeature(Unknown Source)
	at com.sun.xml.internal.bind.v2.util.XmlFactory.createParserFactory(XmlFactory.java:114)
	... 36 more
</error>
    <system-out>@SLTests run: 2, Failures: 0, Errors: 0, Skipped: 0, Time elapsed: 0.262 sec
@SLRunning com.sun.jersey.samples.contacts.models.UserTest
DATA=&lt;user xmlns=&quot;http://example.com/contacts&quot;&gt;&lt;password&gt;newpass&lt;/password&gt;&lt;username&gt;newuser&lt;/username&gt;&lt;/user&gt;
</system-out>
    <system-err>Nov 26, 2015 1:44:44 PM com.sun.xml.internal.bind.v2.util.XmlFactory createParserFactory
SEVERE: null
org.xml.sax.SAXNotRecognizedException: Feature &apos;http://javax.xml.XMLConstants/feature/secure-processing&apos; is not recognized.
	at org.apache.xerces.parsers.AbstractSAXParser.setFeature(Unknown Source)
	at org.apache.xerces.jaxp.SAXParserImpl.setFeatures(Unknown Source)
	at org.apache.xerces.jaxp.SAXParserImpl.&lt;init&gt;(Unknown Source)
	at org.apache.xerces.jaxp.SAXParserFactoryImpl.newSAXParserImpl(Unknown Source)
	at org.apache.xerces.jaxp.SAXParserFactoryImpl.setFeature(Unknown Source)
	at com.sun.xml.internal.bind.v2.util.XmlFactory.createParserFactory(XmlFactory.java:114)
	at com.sun.xml.internal.bind.v2.runtime.unmarshaller.UnmarshallerImpl.getXMLReader(UnmarshallerImpl.java:139)
	at javax.xml.bind.helpers.AbstractUnmarshallerImpl.unmarshal(AbstractUnmarshallerImpl.java:157)
	at javax.xml.bind.helpers.AbstractUnmarshallerImpl.unmarshal(AbstractUnmarshallerImpl.java:214)
	at com.sun.jersey.samples.contacts.models.UserTest.check(UserTest.java:96)
	at com.sun.jersey.samples.contacts.models.UserTest.testComplexSerialization(UserTest.java:83)
	at sun.reflect.NativeMethodAccessorImpl.invoke0(Native Method)
	at sun.reflect.NativeMethodAccessorImpl.invoke(NativeMethodAccessorImpl.java:62)
	at sun.reflect.DelegatingMethodAccessorImpl.invoke(DelegatingMethodAccessorImpl.java:43)
	at java.lang.reflect.Method.invoke(Method.java:483)
	at org.junit.runners.model.FrameworkMethod$1.runReflectiveCall(FrameworkMethod.java:44)
	at org.junit.internal.runners.model.ReflectiveCallable.run(ReflectiveCallable.java:15)
	at org.junit.runners.model.FrameworkMethod.invokeExplosively(FrameworkMethod.java:41)
	at org.junit.internal.runners.statements.InvokeMethod.evaluate(InvokeMethod.java:20)
	at org.junit.internal.runners.statements.RunBefores.evaluate(RunBefores.java:28)
	at org.junit.internal.runners.statements.RunAfters.evaluate(RunAfters.java:31)
	at org.junit.runners.BlockJUnit4ClassRunner.runNotIgnored(BlockJUnit4ClassRunner.java:79)
	at org.junit.runners.BlockJUnit4ClassRunner.runChild(BlockJUnit4ClassRunner.java:71)
	at org.junit.runners.BlockJUnit4ClassRunner.runChild(BlockJUnit4ClassRunner.java:49)
	at org.junit.runners.ParentRunner$3.run(ParentRunner.java:193)
	at org.junit.runners.ParentRunner$1.schedule(ParentRunner.java:52)
	at org.junit.runners.ParentRunner.runChildren(ParentRunner.java:191)
	at org.junit.runners.ParentRunner.access$000(ParentRunner.java:42)
	at org.junit.runners.ParentRunner$2.evaluate(ParentRunner.java:184)
	at org.junit.runners.ParentRunner.run(ParentRunner.java:236)
	at org.apache.maven.surefire.junit4.JUnit4TestSet.execute(JUnit4TestSet.java:53)
	at org.apache.maven.surefire.junit4.JUnit4Provider.executeTestSet(JUnit4Provider.java:119)
	at org.apache.maven.surefire.junit4.JUnit4Provider.invoke(JUnit4Provider.java:101)
	at sun.reflect.NativeMethodAccessorImpl.invoke0(Native Method)
	at sun.reflect.NativeMethodAccessorImpl.invoke(NativeMethodAccessorImpl.java:62)
	at sun.reflect.DelegatingMethodAccessorImpl.invoke(DelegatingMethodAccessorImpl.java:43)
	at java.lang.reflect.Method.invoke(Method.java:483)
	at org.apache.maven.surefire.booter.ProviderFactory$ClassLoaderProxy.invoke(ProviderFactory.java:103)
	at com.sun.proxy.$Proxy0.invoke(Unknown Source)
	at org.apache.maven.surefire.booter.SurefireStarter.invokeProvider(SurefireStarter.java:150)
	at org.apache.maven.surefire.booter.SurefireStarter.runSuitesInProcess(SurefireStarter.java:91)
	at org.apache.maven.surefire.booter.ForkedBooter.main(ForkedBooter.java:69)

</system-err>
  </testcase>
  <testcase classname="com.sun.jersey.samples.contacts.models.UserTest" name="testSimpleSerialization" time="0.014">
    <error message="org.xml.sax.SAXNotRecognizedException: Feature &apos;http://javax.xml.XMLConstants/feature/secure-processing&apos; is not recognized." type="java.lang.IllegalStateException">java.lang.IllegalStateException: org.xml.sax.SAXNotRecognizedException: Feature &apos;http://javax.xml.XMLConstants/feature/secure-processing&apos; is not recognized.
	at com.sun.xml.internal.bind.v2.util.XmlFactory.createParserFactory(XmlFactory.java:121)
	at com.sun.xml.internal.bind.v2.runtime.unmarshaller.UnmarshallerImpl.getXMLReader(UnmarshallerImpl.java:139)
	at javax.xml.bind.helpers.AbstractUnmarshallerImpl.unmarshal(AbstractUnmarshallerImpl.java:157)
	at javax.xml.bind.helpers.AbstractUnmarshallerImpl.unmarshal(AbstractUnmarshallerImpl.java:214)
	at com.sun.jersey.samples.contacts.models.UserTest.check(UserTest.java:96)
	at com.sun.jersey.samples.contacts.models.UserTest.testSimpleSerialization(UserTest.java:89)
	at sun.reflect.NativeMethodAccessorImpl.invoke0(Native Method)
	at sun.reflect.NativeMethodAccessorImpl.invoke(NativeMethodAccessorImpl.java:62)
	at sun.reflect.DelegatingMethodAccessorImpl.invoke(DelegatingMethodAccessorImpl.java:43)
	at java.lang.reflect.Method.invoke(Method.java:483)
	at org.junit.runners.model.FrameworkMethod$1.runReflectiveCall(FrameworkMethod.java:44)
	at org.junit.internal.runners.model.ReflectiveCallable.run(ReflectiveCallable.java:15)
	at org.junit.runners.model.FrameworkMethod.invokeExplosively(FrameworkMethod.java:41)
	at org.junit.internal.runners.statements.InvokeMethod.evaluate(InvokeMethod.java:20)
	at org.junit.internal.runners.statements.RunBefores.evaluate(RunBefores.java:28)
	at org.junit.internal.runners.statements.RunAfters.evaluate(RunAfters.java:31)
	at org.junit.runners.BlockJUnit4ClassRunner.runNotIgnored(BlockJUnit4ClassRunner.java:79)
	at org.junit.runners.BlockJUnit4ClassRunner.runChild(BlockJUnit4ClassRunner.java:71)
	at org.junit.runners.BlockJUnit4ClassRunner.runChild(BlockJUnit4ClassRunner.java:49)
	at org.junit.runners.ParentRunner$3.run(ParentRunner.java:193)
	at org.junit.runners.ParentRunner$1.schedule(ParentRunner.java:52)
	at org.junit.runners.ParentRunner.runChildren(ParentRunner.java:191)
	at org.junit.runners.ParentRunner.access$000(ParentRunner.java:42)
	at org.junit.runners.ParentRunner$2.evaluate(ParentRunner.java:184)
	at org.junit.runners.ParentRunner.run(ParentRunner.java:236)
	at org.apache.maven.surefire.junit4.JUnit4TestSet.execute(JUnit4TestSet.java:53)
	at org.apache.maven.surefire.junit4.JUnit4Provider.executeTestSet(JUnit4Provider.java:119)
	at org.apache.maven.surefire.junit4.JUnit4Provider.invoke(JUnit4Provider.java:101)
	at sun.reflect.NativeMethodAccessorImpl.invoke0(Native Method)
	at sun.reflect.NativeMethodAccessorImpl.invoke(NativeMethodAccessorImpl.java:62)
	at sun.reflect.DelegatingMethodAccessorImpl.invoke(DelegatingMethodAccessorImpl.java:43)
	at java.lang.reflect.Method.invoke(Method.java:483)
	at org.apache.maven.surefire.booter.ProviderFactory$ClassLoaderProxy.invoke(ProviderFactory.java:103)
	at com.sun.proxy.$Proxy0.invoke(Unknown Source)
	at org.apache.maven.surefire.booter.SurefireStarter.invokeProvider(SurefireStarter.java:150)
	at org.apache.maven.surefire.booter.SurefireStarter.runSuitesInProcess(SurefireStarter.java:91)
	at org.apache.maven.surefire.booter.ForkedBooter.main(ForkedBooter.java:69)
Caused by: org.xml.sax.SAXNotRecognizedException: Feature &apos;http://javax.xml.XMLConstants/feature/secure-processing&apos; is not recognized.
	at org.apache.xerces.parsers.AbstractSAXParser.setFeature(Unknown Source)
	at org.apache.xerces.jaxp.SAXParserImpl.setFeatures(Unknown Source)
	at org.apache.xerces.jaxp.SAXParserImpl.&lt;init&gt;(Unknown Source)
	at org.apache.xerces.jaxp.SAXParserFactoryImpl.newSAXParserImpl(Unknown Source)
	at org.apache.xerces.jaxp.SAXParserFactoryImpl.setFeature(Unknown Source)
	at com.sun.xml.internal.bind.v2.util.XmlFactory.createParserFactory(XmlFactory.java:114)
	... 36 more
</error>
    <system-out>DATA=&lt;user xmlns=&quot;http://example.com/contacts&quot;/&gt;
</system-out>
    <system-err>Nov 26, 2015 1:44:44 PM com.sun.xml.internal.bind.v2.util.XmlFactory createParserFactory
SEVERE: null
org.xml.sax.SAXNotRecognizedException: Feature &apos;http://javax.xml.XMLConstants/feature/secure-processing&apos; is not recognized.
	at org.apache.xerces.parsers.AbstractSAXParser.setFeature(Unknown Source)
	at org.apache.xerces.jaxp.SAXParserImpl.setFeatures(Unknown Source)
	at org.apache.xerces.jaxp.SAXParserImpl.&lt;init&gt;(Unknown Source)
	at org.apache.xerces.jaxp.SAXParserFactoryImpl.newSAXParserImpl(Unknown Source)
	at org.apache.xerces.jaxp.SAXParserFactoryImpl.setFeature(Unknown Source)
	at com.sun.xml.internal.bind.v2.util.XmlFactory.createParserFactory(XmlFactory.java:114)
	at com.sun.xml.internal.bind.v2.runtime.unmarshaller.UnmarshallerImpl.getXMLReader(UnmarshallerImpl.java:139)
	at javax.xml.bind.helpers.AbstractUnmarshallerImpl.unmarshal(AbstractUnmarshallerImpl.java:157)
	at javax.xml.bind.helpers.AbstractUnmarshallerImpl.unmarshal(AbstractUnmarshallerImpl.java:214)
	at com.sun.jersey.samples.contacts.models.UserTest.check(UserTest.java:96)
	at com.sun.jersey.samples.contacts.models.UserTest.testSimpleSerialization(UserTest.java:89)
	at sun.reflect.NativeMethodAccessorImpl.invoke0(Native Method)
	at sun.reflect.NativeMethodAccessorImpl.invoke(NativeMethodAccessorImpl.java:62)
	at sun.reflect.DelegatingMethodAccessorImpl.invoke(DelegatingMethodAccessorImpl.java:43)
	at java.lang.reflect.Method.invoke(Method.java:483)
	at org.junit.runners.model.FrameworkMethod$1.runReflectiveCall(FrameworkMethod.java:44)
	at org.junit.internal.runners.model.ReflectiveCallable.run(ReflectiveCallable.java:15)
	at org.junit.runners.model.FrameworkMethod.invokeExplosively(FrameworkMethod.java:41)
	at org.junit.internal.runners.statements.InvokeMethod.evaluate(InvokeMethod.java:20)
	at org.junit.internal.runners.statements.RunBefores.evaluate(RunBefores.java:28)
	at org.junit.internal.runners.statements.RunAfters.evaluate(RunAfters.java:31)
	at org.junit.runners.BlockJUnit4ClassRunner.runNotIgnored(BlockJUnit4ClassRunner.java:79)
	at org.junit.runners.BlockJUnit4ClassRunner.runChild(BlockJUnit4ClassRunner.java:71)
	at org.junit.runners.BlockJUnit4ClassRunner.runChild(BlockJUnit4ClassRunner.java:49)
	at org.junit.runners.ParentRunner$3.run(ParentRunner.java:193)
	at org.junit.runners.ParentRunner$1.schedule(ParentRunner.java:52)
	at org.junit.runners.ParentRunner.runChildren(ParentRunner.java:191)
	at org.junit.runners.ParentRunner.access$000(ParentRunner.java:42)
	at org.junit.runners.ParentRunner$2.evaluate(ParentRunner.java:184)
	at org.junit.runners.ParentRunner.run(ParentRunner.java:236)
	at org.apache.maven.surefire.junit4.JUnit4TestSet.execute(JUnit4TestSet.java:53)
	at org.apache.maven.surefire.junit4.JUnit4Provider.executeTestSet(JUnit4Provider.java:119)
	at org.apache.maven.surefire.junit4.JUnit4Provider.invoke(JUnit4Provider.java:101)
	at sun.reflect.NativeMethodAccessorImpl.invoke0(Native Method)
	at sun.reflect.NativeMethodAccessorImpl.invoke(NativeMethodAccessorImpl.java:62)
	at sun.reflect.DelegatingMethodAccessorImpl.invoke(DelegatingMethodAccessorImpl.java:43)
	at java.lang.reflect.Method.invoke(Method.java:483)
	at org.apache.maven.surefire.booter.ProviderFactory$ClassLoaderProxy.invoke(ProviderFactory.java:103)
	at com.sun.proxy.$Proxy0.invoke(Unknown Source)
	at org.apache.maven.surefire.booter.SurefireStarter.invokeProvider(SurefireStarter.java:150)
	at org.apache.maven.surefire.booter.SurefireStarter.runSuitesInProcess(SurefireStarter.java:91)
	at org.apache.maven.surefire.booter.ForkedBooter.main(ForkedBooter.java:69)

</system-err>
  </testcase>
</testsuite>